\BOOKMARK [0][-]{chapter.1}{Introduction}{}% 1
\BOOKMARK [0][-]{chapter.2}{Concepts\040of\040Formal\040Engineering\040Design}{}% 2
\BOOKMARK [1][-]{section.2.1}{Basic\040concepts\040of\040formal\040engineering\040design}{chapter.2}% 3
\BOOKMARK [1][-]{section.2.2}{Queries\040in\040design}{chapter.2}% 4
\BOOKMARK [0][-]{chapter.3}{Thinking\040about\040how\040things\040transform\040into\040each\040other}{}% 5
\BOOKMARK [1][-]{section.3.1}{Category\040theory\040helps\040reasoning\040about\040interfaces\040and\040transformations}{chapter.3}% 6
\BOOKMARK [1][-]{section.3.2}{Currency\040categories}{chapter.3}% 7
\BOOKMARK [1][-]{section.3.3}{Generating\040categories\040from\040graphs}{chapter.3}% 8
\BOOKMARK [0][-]{chapter.4}{Thinking\040about\040how\040things\040connect\040to\040each\040other}{}% 9
\BOOKMARK [0][-]{chapter.5}{Thinking\040about\040how\040things\040connect\040to\040each\040other}{}% 10
\BOOKMARK [1][-]{section.5.1}{Trekking}{chapter.5}% 11
\BOOKMARK [1][-]{section.5.2}{Mobility}{chapter.5}% 12
\BOOKMARK [0][-]{chapter.6}{Thinking\040about\040attributes\040and\040sameness}{}% 13
\BOOKMARK [1][-]{section.6.1}{Sets,\040functions,\040databases}{chapter.6}% 14
\BOOKMARK [1][-]{section.6.2}{Sameness\040in\040category\040theory}{chapter.6}% 15
\BOOKMARK [0][-]{chapter.7}{Thinking\040about\040resource\040composition}{}% 16
\BOOKMARK [1][-]{section.7.1}{Products}{chapter.7}% 17
\BOOKMARK [0][-]{chapter.8}{Thinking\040about\040alternatives}{}% 18
\BOOKMARK [1][-]{section.8.1}{Coproduct}{chapter.8}% 19
\BOOKMARK [0][-]{chapter.9}{Thinking\040about\040tradeoffs}{}% 20
\BOOKMARK [0][-]{chapter.10}{Posets\040with\040more\040structure}{}% 21
\BOOKMARK [0][-]{chapter.11}{Monotonicity\040is\040a\040fact\040of\040life}{}% 22
\BOOKMARK [0][-]{chapter.12}{Functors}{}% 23
\BOOKMARK [0][-]{chapter.13}{The\040duality\040of\040design}{}% 24
\BOOKMARK [0][-]{chapter.14}{Composing\040without\040structure}{}% 25
\BOOKMARK [0][-]{chapter.15}{Composing\040recognizing\040structure}{}% 26
\BOOKMARK [0][-]{chapter.16}{Thinking\040about\040restrictions\040and\040alternatives}{}% 27
\BOOKMARK [0][-]{chapter.17}{Parallel\040composition}{}% 28
\BOOKMARK [0][-]{chapter.18}{Parallel\040composition\040in\040DP}{}% 29
\BOOKMARK [0][-]{chapter.19}{Creating\040design\040problems}{}% 30
\BOOKMARK [0][-]{chapter.20}{Lifting\040SOMETHING}{}% 31
\BOOKMARK [0][-]{chapter.21}{Examples\040of\040Trace}{}% 32
\BOOKMARK [0][-]{chapter.22}{Closing\040the\040loop\040in\040co-design\040problems}{}% 33
\BOOKMARK [0][-]{chapter.23}{Ordering\040design\040problems}{}% 34
\BOOKMARK [0][-]{chapter.24}{Orders\040on\040design\040problems\040and\040compositions}{}% 35
\BOOKMARK [0][-]{chapter.25}{Relationship\040between\040products}{}% 36
\BOOKMARK [0][-]{chapter.26}{Higher\040order\040design}{}% 37
\BOOKMARK [0][-]{chapter.27}{Thinking\040about\040uncertainty\040with\040intervals}{}% 38
\BOOKMARK [0][-]{chapter.28}{Enrichments}{}% 39
\BOOKMARK [0][-]{chapter.29}{Computation}{}% 40
