
Traceback (most recent call last):
  File "/Volumes/work3/zupermind/z7-stage/pysnip/src/pysnip/job.py", line 85, in run
    eval(pycode_compiled, globals(), pass_locals)
  File "snippets/050_composition/050_composition-43.py", line 1, in <module>
    from mcdp_report import render_diagram; render_diagram(PYSNIP_BASENAME,'./volumes/vol-mcdp/generated/default.mcdplib/combined1_.mcdp', 'models', style='ndp_graph_enclosed_simplified', igo='scale=0.5')
                                            ^^^^^^^^^^^^^^^^^^^^^^^^^^^^^^^^^^^^^^^^^^^^^^^^^^^^^^^^^^^^^^^^^^^^^^^^^^^^^^^^^^^^^^^^^^^^^^^^^^^^^^^^^^^^^^^^^^^^^^^^^^^^^^^^^^^^^^^^^^^^^^^^^^^^^^^^^^^^^^^^
  File "/Volumes/work3/zupermind/z7-stage/mcdp/src/mcdp_report/latex_utils.py", line 166, in render_diagram
    res = mf.get_figure(style, "pdf")
          ^^^^^^^^^^^^^^^^^^^^^^^^^^^
  File "/Volumes/work3/zupermind/z7-stage/mcdp/src/mcdp_figures/figure_interface.py", line 66, in get_figure
    raise ZValueError(msg, aliases=self.aliases, available=self.figure2function)
zuper_commons.types.exceptions.ZValueError: Invalid figure `ndp_graph_enclosed_simplified`.
?   aliases: dict[8]
?            ? ndp_graph_enclosed: ndp_graph_enclosed_LR
?            ? ndp_graph_expand: ndp_graph_expand_LR
?            ? ndp_graph_templatized: ndp_graph_templatized_LR
?            ? ndp_graph_templatized_labeled: ndp_graph_templatized_labeled_LR
?            ? ndp_graph_normal: ndp_graph_normal_LR
?            ? dp_graph_flow: dp_graph_flow_TB
?            ? dp_graph_tree: dp_graph_tree_TB
?            ? dp_graph_tree_compact: dp_graph_tree_compact_TB
? available: dict[22]
?            ? fancy_editor:
?            ? ?<class 'mcdp_figures.figures_ndp.Enclosed'>  0 n/a,
?            ?  {direction: TB, enclosed: ?, style: greenredsym, skip_initial: ?}?
?            ? fancy_editor_LR:
?            ? ?<class 'mcdp_figures.figures_ndp.Enclosed'>  0 n/a,
?            ?  {direction: LR, enclosed: ?, style: greenredsym, skip_initial: ?}?
?            ? ndp_graph_enclosed_LR: ?<class 'mcdp_figures.figures_ndp.Enclosed'>  0 n/a,{direction: LR, enclosed: ?, style: greenredsym}?
?            ? ndp_graph_enclosed_LR_simplified:
?            ? ?<class 'mcdp_figures.figures_ndp.Enclosed'>  0 n/a,
?            ?  {direction: LR, enclosed: ?, style: greenredsym, simplify_identities: ?, simplify_conversions: ?}?
?            ? ndp_graph_enclosed_TB:
?            ? ?<class 'mcdp_figures.figures_ndp.Enclosed'>  0 n/a,
?            ?  {direction: TB, enclosed: ?, style: greenredsym, simplify_identities: ?, simplify_conversions: ?}?
?            ? ndp_graph_enclosed_TB_simplified:
?            ? ?<class 'mcdp_figures.figures_ndp.Enclosed'>  0 n/a,
?            ?  {direction: TB, enclosed: ?, style: greenredsym, simplify_identities: ?, simplify_conversions: ?}?
?            ? ndp_graph_expand_LR: ?<class 'mcdp_figures.figures_ndp.Expand'>  1 n/a,{direction: LR, style: greenredsym}?
?            ? ndp_graph_expand_TB: ?<class 'mcdp_figures.figures_ndp.Expand'>  1 n/a,{direction: TB, style: greenredsym}?
?            ? ndp_graph_templatized_LR: ?<class 'mcdp_figures.figures_ndp.Templatized'>  2 n/a,{direction: LR, style: greenredsym, labeled: ?}?
?            ? ndp_graph_templatized_TB: ?<class 'mcdp_figures.figures_ndp.Templatized'>  2 n/a,{direction: TB, style: greenredsym, labeled: ?}?
?            ? ndp_graph_templatized_labeled_LR: ?<class 'mcdp_figures.figures_ndp.Templatized'>  2 n/a,{direction: LR, style: greenredsym, labeled: ?}?
?            ? ndp_graph_templatized_labeled_TB: ?<class 'mcdp_figures.figures_ndp.Templatized'>  2 n/a,{direction: TB, style: greenredsym, labeled: ?}?
?            ? ndp_graph_normal_LR: ?<class 'mcdp_figures.figures_ndp.Normal'>  3 n/a,{direction: LR, style: greenredsym}?
?            ? ndp_graph_normal_TB: ?<class 'mcdp_figures.figures_ndp.Normal'>  3 n/a,{direction: TB, style: greenredsym}?
?            ? ndp_repr_long: ?<class 'mcdp_figures.figures_ndp.NDP_repr_long'>  4 n/a,{}?
?            ? dp_graph_flow_LR:
?            ? ?<class 'mcdp_figures.figures_ndp.BridgeFormatter'>  5 n/a,
?            ?  {direction: LR, constructor: <class 'mcdp_figures.figures_dp.DPGraphFlow'>  6 n/a}?
?            ? dp_graph_flow_TB:
?            ? ?<class 'mcdp_figures.figures_ndp.BridgeFormatter'>  5 n/a,
?            ?  {direction: TB, constructor: <class 'mcdp_figures.figures_dp.DPGraphFlow'>  6 n/a}?
?            ? dp_graph_tree_LR:
?            ? ?<class 'mcdp_figures.figures_ndp.BridgeFormatter'>  5 n/a,
?            ?  {direction: LR, compact: ?, constructor: <class 'mcdp_figures.figures_dp.DPGraphTree'>  7 n/a}?
?            ? dp_graph_tree_TB:
?            ? ?<class 'mcdp_figures.figures_ndp.BridgeFormatter'>  5 n/a,
?            ?  {direction: TB, compact: ?, constructor: <class 'mcdp_figures.figures_dp.DPGraphTree'>  7 n/a}?
?            ? dp_graph_tree_compact_LR:
?            ? ?<class 'mcdp_figures.figures_ndp.BridgeFormatter'>  5 n/a,
?            ?  {direction: LR, compact: ?, constructor: <class 'mcdp_figures.figures_dp.DPGraphTree'>  7 n/a}?
?            ? dp_graph_tree_compact_TB:
?            ? ?<class 'mcdp_figures.figures_ndp.BridgeFormatter'>  5 n/a,
?            ?  {direction: TB, compact: ?, constructor: <class 'mcdp_figures.figures_dp.DPGraphTree'>  7 n/a}?
?            ? dp_repr_long:
?            ? ?<class 'mcdp_figures.figures_ndp.BridgeFormatter'>  5 n/a,
?            ?  {constructor: <class 'mcdp_figures.figures_dp.DP_repr_long'>  8 n/a}?

