
Traceback (most recent call last):
  File "/Volumes/work3/zupermind/z7-stage/pysnip/src/pysnip/job.py", line 85, in run
    eval(pycode_compiled, globals(), pass_locals)
  File "snippets/06_lang_d2_uncertainty/06_lang_d2_uncertainty-3.2-3.2.0-2.py", line 1, in <module>
    data='./volumes/vol-mcdp/generated/default.mcdplib/stat1.mcdpstatements';from mcdp_report import render_statements; render_statements(PYSNIP_BASENAME,'./volumes/vol-mcdp/generated/default.mcdplib/stat1.mcdpstatements', )
                                                                                                                        ^^^^^^^^^^^^^^^^^^^^^^^^^^^^^^^^^^^^^^^^^^^^^^^^^^^^^^^^^^^^^^^^^^^^^^^^^^^^^^^^^^^^^^^^^^^^^^^^^^^^^^^^
  File "/Volumes/work3/zupermind/z7-stage/mcdp/src/mcdp_report/latex_utils.py", line 59, in render_statements
    render_mcdp_to_pdf(PYSNIP_BASENAME, filename, SPEC_MODELS, ignore_line=ignore_line, noprettify=noprettify)
  File "/Volumes/work3/zupermind/z7-stage/mcdp/src/mcdp_report/latex_utils.py", line 71, in render_mcdp_to_pdf
    render_source_to_pdf(PYSNIP_BASENAME, s0, specname, ignore_line=ignore_line, noprettify=noprettify, inline=inline)
  File "/Volumes/work3/zupermind/z7-stage/mcdp/src/mcdp_report/latex_utils.py", line 97, in render_source_to_pdf
    si, prr = spec.parsing_function(s0).split()
              ^^^^^^^^^^^^^^^^^^^^^^^^^^^^^^^^^
  File "/Volumes/work3/zupermind/z7-stage/zuper-utils-augres/src/zuper_utils_augres/augmented_result.py", line 94, in split
    res = self.get_result_no_errors()
          ^^^^^^^^^^^^^^^^^^^^^^^^^^^
  File "/Volumes/work3/zupermind/z7-stage/zuper-utils-augres/src/zuper_utils_augres/interfaces.py", line 69, in get_result_no_errors
    self.assert_no_error()
  File "/Volumes/work3/zupermind/z7-stage/zuper-utils-augres/src/zuper_utils_augres/augmented_result.py", line 66, in assert_no_error
    return self.side_info.notes.assert_no_error()
           ^^^^^^^^^^^^^^^^^^^^^^^^^^^^^^^^^^^^^^
  File "/Volumes/work3/zupermind/z7-stage/zuper-utils-augres/src/zuper_utils_augres/notes.py", line 81, in assert_no_error
    raise ZAssertionError(msg, d=d)
zuper_commons.types.exceptions.ZAssertionError: We have obtained 1 errors.
?       d: dict[1]
?          ? 0:
?          ? Note
?          ? ? msg:
?          ? ? Could not parse as mcdptype_with_imports:
?          ? ? Expected end of text, found '='  (at char 2), (line:1, col:3)
?          ? ? locations: {location: LocationInString(where=Where(2-2 of 44: ''), parent=LocationUnknown() 5 n/a) 4 n/a}
?          ? ? created_module: n/a
?          ? ? created_file: n/a
?          ? ? created_function: n/a
?          ? ? prefix: ??
?          ? ? tags: ?DPSyntaxError,error?
?          ? ? note_kwargs:
?          ? ? dict[2]
?          ? ? ? parsed_partially:
?          ? ? ? |VariableRefNDPType(identifier='x', where=Where(0-1 of 44: 'x'))
?          ? ? ? where_stack: ?Where(2-2 of 44: '')?
?          ? ? subnotes: {}
?          ? ? counter: 9e4a0b13-4fbc-4ef9-90c4-9bd873e858f9
? context: dict[1]
?          ? contents:
?          ? |x = [[median]] +- [["percent tolerance"]] %

