This is pdfTeX, Version 3.14159265-2.6-1.40.21 (TeX Live 2020) (preloaded format=pdflatex 2020.4.7)  27 DEC 2020 10:41
entering extended mode
 restricted \write18 enabled.
 file:line:error style messages enabled.
 %&-line parsing enabled.
**095_functors.tex
(./095_functors.tex
LaTeX2e <2020-02-02> patch level 5
L3 programming layer <2020-03-06>
./095_functors.tex:4: Undefined control sequence.
l.4 \subsection
               {Functors}
? 
./095_functors.tex:4: Emergency stop.
l.4 \subsection
               {Functors}
End of file on the terminal!

 
Here is how much of TeX's memory you used:
 16 strings out of 480608
 402 string characters out of 5903631
 239610 words of memory out of 5000000
 16009 multiletter control sequences out of 15000+600000
 532338 words of font info for 24 fonts, out of 8000000 for 9000
 1141 hyphenation exceptions out of 8191
 12i,0n,15p,68b,8s stack positions out of 5000i,500n,10000p,200000b,80000s
./095_functors.tex:4:  ==> Fatal error occurred, no output PDF file produced!
