This is pdfTeX, Version 3.14159265-2.6-1.40.21 (TeX Live 2020) (preloaded format=pdflatex 2020.4.7)  28 DEC 2020 17:38
entering extended mode
 restricted \write18 enabled.
 file:line:error style messages enabled.
 %&-line parsing enabled.
**097_staring_pareto.tex
(./097_staring_pareto.tex
LaTeX2e <2020-02-02> patch level 5
L3 programming layer <2020-03-06>
./097_staring_pareto.tex:2: Undefined control sequence.
l.2 \subsection
               {Chains and Antichains}
? 
./097_staring_pareto.tex:2: Emergency stop.
l.2 \subsection
               {Chains and Antichains}
End of file on the terminal!

 
Here is how much of TeX's memory you used:
 16 strings out of 480608
 426 string characters out of 5903631
 239610 words of memory out of 5000000
 16009 multiletter control sequences out of 15000+600000
 532338 words of font info for 24 fonts, out of 8000000 for 9000
 1141 hyphenation exceptions out of 8191
 12i,0n,15p,83b,11s stack positions out of 5000i,500n,10000p,200000b,80000s
./097_staring_pareto.tex:2:  ==> Fatal error occurred, no output PDF file produ
ced!
