\BOOKMARK [1][-]{section.1}{Introduction}{}% 1
\BOOKMARK [2][-]{subsection.1.1}{Related work}{section.1}% 2
\BOOKMARK [2][-]{subsection.1.2}{Notation}{section.1}% 3
\BOOKMARK [1][-]{section.2}{Concepts of Formal Engineering Design}{}% 4
\BOOKMARK [2][-]{subsection.2.1}{Basic concepts of formal engineering design}{section.2}% 5
\BOOKMARK [2][-]{subsection.2.2}{Queries in design}{section.2}% 6
\BOOKMARK [1][-]{section.3}{Thinking about how things transform into each other}{}% 7
\BOOKMARK [2][-]{subsection.3.1}{Category theory helps reasoning about interfaces and transformations}{section.3}% 8
\BOOKMARK [2][-]{subsection.3.2}{Currency categories}{section.3}% 9
\BOOKMARK [2][-]{subsection.3.3}{Generating categories from graphs}{section.3}% 10
\BOOKMARK [1][-]{section.4}{Thinking about how things connect to each other}{}% 11
\BOOKMARK [2][-]{subsection.4.1}{Trekking}{section.4}% 12
\BOOKMARK [2][-]{subsection.4.2}{Mobility}{section.4}% 13
\BOOKMARK [1][-]{section.5}{Thinking about attributes, sameness, and constraints}{}% 14
\BOOKMARK [1][-]{section.6}{Thinking about resource composition}{}% 15
\BOOKMARK [2][-]{subsection.6.1}{Products}{section.6}% 16
\BOOKMARK [1][-]{section.7}{Thinking about alternatives}{}% 17
\BOOKMARK [2][-]{subsection.7.1}{Coproduct}{section.7}% 18
\BOOKMARK [1][-]{section.8}{Thinking about tradeoffs}{}% 19
\BOOKMARK [2][-]{subsection.8.1}{Partially ordered sets}{section.8}% 20
\BOOKMARK [2][-]{subsection.8.2}{Composing posets}{section.8}% 21
\BOOKMARK [3][-]{subsubsection.8.2.1}{Disjoint union of posets}{subsection.8.2}% 22
\BOOKMARK [1][-]{section.9}{Posets with more structure}{}% 23
\BOOKMARK [2][-]{subsection.9.1}{Monoidal posets}{section.9}% 24
\BOOKMARK [2][-]{subsection.9.2}{Lattices}{section.9}% 25
\BOOKMARK [1][-]{section.10}{Monotonicity is a fact of life}{}% 26
\BOOKMARK [2][-]{subsection.10.1}{Monotone maps}{section.10}% 27
\BOOKMARK [2][-]{subsection.10.2}{The category Pos of posets and monotone maps}{section.10}% 28
\BOOKMARK [2][-]{subsection.10.3}{Why the category Pos is not sufficient for design theory}{section.10}% 29
\BOOKMARK [1][-]{section.11}{Functors}{}% 30
\BOOKMARK [2][-]{subsection.11.1}{A poset as a category}{section.11}% 31
\BOOKMARK [2][-]{subsection.11.2}{Functors}{section.11}% 32
\BOOKMARK [1][-]{section.12}{Staring at Pareto fronts}{}% 33
\BOOKMARK [2][-]{subsection.12.1}{Chains and Antichains}{section.12}% 34
\BOOKMARK [2][-]{subsection.12.2}{Upper and lower sets}{section.12}% 35
\BOOKMARK [2][-]{subsection.12.3}{From antichains to uppersets and viceversa}{section.12}% 36
\BOOKMARK [1][-]{section.13}{The duality of design}{}% 37
\BOOKMARK [2][-]{subsection.13.1}{Galois connections}{section.13}% 38
\BOOKMARK [1][-]{section.14}{Composing without structure}{}% 39
\BOOKMARK [1][-]{section.15}{Composing recognizing structure}{}% 40
\BOOKMARK [2][-]{subsection.15.1}{An axiomatization of design problems}{section.15}% 41
\BOOKMARK [2][-]{subsection.15.2}{Series composition of design problems}{section.15}% 42
\BOOKMARK [2][-]{subsection.15.3}{The category of design problems}{section.15}% 43
\BOOKMARK [1][-]{section.16}{Thinking about restrictions and alternatives}{}% 44
\BOOKMARK [2][-]{subsection.16.1}{Union of Design Problems}{section.16}% 45
\BOOKMARK [2][-]{subsection.16.2}{Intersection of Design Problems}{section.16}% 46
\BOOKMARK [1][-]{section.17}{Parallel composition}{}% 47
\BOOKMARK [1][-]{section.18}{Parallel composition in DP}{}% 48
\BOOKMARK [2][-]{subsection.18.1}{DP is a monoidal category}{section.18}% 49
\BOOKMARK [2][-]{subsection.18.2}{DP is a symmetric monoidal category}{section.18}% 50
\BOOKMARK [1][-]{section.19}{Creating design problems}{}% 51
\BOOKMARK [2][-]{subsection.19.1}{Creating design problems from catalogues}{section.19}% 52
\BOOKMARK [1][-]{section.20}{Lifting SOMETHING}{}% 53
\BOOKMARK [1][-]{section.21}{Examples of Trace}{}% 54
\BOOKMARK [2][-]{subsection.21.1}{Trace of a linear transformation}{section.21}% 55
\BOOKMARK [2][-]{subsection.21.2}{Continuous LTI}{section.21}% 56
\BOOKMARK [1][-]{section.22}{Feedback in category theory}{}% 57
\BOOKMARK [1][-]{section.23}{Feedback in design problems}{}% 58
\BOOKMARK [2][-]{subsection.23.1}{The scalar case: Toilets in a ship}{section.23}% 59
\BOOKMARK [1][-]{section.24}{Closing the loop in co-design problems}{}% 60
\BOOKMARK [1][-]{section.25}{Ordering design problems}{}% 61
\BOOKMARK [1][-]{section.26}{Orders on design problems and compositions}{}% 62
\BOOKMARK [1][-]{section.27}{Relationship between products}{}% 63
\BOOKMARK [2][-]{subsection.27.1}{Biproduct, Product, and Coproduct of Design Problems}{section.27}% 64
\BOOKMARK [2][-]{subsection.27.2}{Relationship between intersection and monoidal prodcut}{section.27}% 65
\BOOKMARK [2][-]{subsection.27.3}{FIND TITLE}{section.27}% 66
\BOOKMARK [1][-]{section.28}{Higher order design}{}% 67
\BOOKMARK [2][-]{subsection.28.1}{To find place}{section.28}% 68
\BOOKMARK [2][-]{subsection.28.2}{Diagrams and Representation Results}{section.28}% 69
\BOOKMARK [2][-]{subsection.28.3}{Recursive Design Problems}{section.28}% 70
\BOOKMARK [2][-]{subsection.28.4}{Compact closed structure}{section.28}% 71
\BOOKMARK [3][-]{subsubsection.28.4.1}{Dependent design problems}{subsection.28.4}% 72
\BOOKMARK [2][-]{subsection.28.5}{A locally-posetal pro-arrow equipment}{section.28}% 73
\BOOKMARK [1][-]{section.29}{Thinking about uncertainty with intervals}{}% 74
\BOOKMARK [1][-]{section.30}{Monads}{}% 75
\BOOKMARK [1][-]{section.31}{Using monads to understand uncertainty}{}% 76
\BOOKMARK [1][-]{section.32}{Enrichments}{}% 77
\BOOKMARK [2][-]{subsection.32.1}{Enriched categories}{section.32}% 78
\BOOKMARK [1][-]{section.33}{Set-enriched DPs \(DPIs\)}{}% 79
\BOOKMARK [2][-]{subsubsection.33.0.1}{Operations on DPIs}{section.33}% 80
\BOOKMARK [1][-]{section.34}{Computability of Design Problems}{}% 81
\BOOKMARK [2][-]{subsection.34.1}{Preliminaries on antichains}{section.34}% 82
\BOOKMARK [3][-]{subsubsection.34.1.1}{Sufficient conditions for bijection between DPs and antichains}{subsection.34.1}% 83
\BOOKMARK [3][-]{subsubsection.34.1.2}{Computability of design problems}{subsection.34.1}% 84
\BOOKMARK [3][-]{subsubsection.34.1.3}{Duality}{subsection.34.1}% 85
\BOOKMARK [3][-]{subsubsection.34.1.4}{To put back somewhere}{subsection.34.1}% 86
\BOOKMARK [2][-]{subsection.34.2}{to put back up}{section.34}% 87
\BOOKMARK [1][-]{section.35}{DPs with Number-like resources \(need title\) }{}% 88
